Arguments: 
  /snap/node/2690/bin/node /snap/node/2690/bin/yarn.js global dir --json

PATH: 
  /usr/local/sbin:/usr/local/bin:/usr/sbin:/usr/bin:/sbin:/bin:/usr/games:/usr/local/games:/snap/bin

Yarn version: 
  1.22.4

Node version: 
  13.14.0

Platform: 
  linux x64

Trace: 
  Error: EACCES: permission denied, write
      at writeSync (fs.js:692:3)
      at SyncWriteStream._write (internal/fs/sync_write_stream.js:24:3)
      at writeOrBuffer (_stream_writable.js:378:12)
      at SyncWriteStream.Writable.write (_stream_writable.js:314:12)
      at JSONReporter._dump (/snap/node/2690/lib/cli.js:49771:12)
      at JSONReporter.log (/snap/node/2690/lib/cli.js:49799:10)
      at dir (/snap/node/2690/lib/cli.js:36256:14)
      at Object.<anonymous> (/snap/node/2690/lib/cli.js:25940:25)
      at Generator.next (<anonymous>)
      at step (/snap/node/2690/lib/cli.js:310:30)

npm manifest: 
  No manifest

yarn manifest: 
  No manifest

Lockfile: 
  No lockfile
